<?xml version="1.0" encoding="UTF-8"?>
<!-- Generated by org.testng.reporters.JUnitReportReporter -->
<testsuite hostname="DESKTOP-IBFU3HP" failures="0" tests="1" name="Vtiger.vtiger_01" time="12.633" errors="0" timestamp="2023-03-24T17:16:07 IST" skipped="0">
  <testcase classname="Vtiger.vtiger_01" name="toClickOnDocument" time="12.633"/>
  <system-out>
Documents page is displayed  </system-out>
</testsuite> <!-- Vtiger.vtiger_01 -->
